<?xml version="1.0" encoding="utf-8"?><testsuites name="pytest tests"><testsuite name="pytest" errors="0" failures="0" skipped="0" tests="18" time="3.793" timestamp="2026-04-16T13:03:28.462672+00:00" hostname="agent-env-bb603cfa-7aee-45f8-968d-81d6b6b7c328"><testcase classname="backend.tests.test_rinkosh_iteration9.TestHealthAndPublicEndpoints" name="test_health_endpoint" time="0.168" /><testcase classname="backend.tests.test_rinkosh_iteration9.TestHealthAndPublicEndpoints" name="test_loan_products_public_no_auth" time="0.175" /><testcase classname="backend.tests.test_rinkosh_iteration9.TestHealthAndPublicEndpoints" name="test_loan_products_structure" time="0.110" /><testcase classname="backend.tests.test_rinkosh_iteration9.TestLoanCategoryFiltering" name="test_filter_personal_loans" time="0.151" /><testcase classname="backend.tests.test_rinkosh_iteration9.TestLoanCategoryFiltering" name="test_filter_home_loans" time="0.110" /><testcase classname="backend.tests.test_rinkosh_iteration9.TestLoanCategoryFiltering" name="test_filter_car_loans" time="0.152" /><testcase classname="backend.tests.test_rinkosh_iteration9.TestLoanCategoryFiltering" name="test_filter_bike_loans" time="0.109" /><testcase classname="backend.tests.test_rinkosh_iteration9.TestLoanCategoryFiltering" name="test_filter_education_loans" time="0.113" /><testcase classname="backend.tests.test_rinkosh_iteration9.TestLoanCategoryFiltering" name="test_all_categories_present" time="0.121" /><testcase classname="backend.tests.test_rinkosh_iteration9.TestAuthEndpoints" name="test_login_valid_credentials" time="0.376" /><testcase classname="backend.tests.test_rinkosh_iteration9.TestAuthEndpoints" name="test_login_invalid_credentials" time="0.339" /><testcase classname="backend.tests.test_rinkosh_iteration9.TestAuthEndpoints" name="test_login_multiple_failed_attempts_no_429" time="0.716" /><testcase classname="backend.tests.test_rinkosh_iteration9.TestAuthEndpoints" name="test_register_new_user" time="0.360" /><testcase classname="backend.tests.test_rinkosh_iteration9.TestAuthEndpoints" name="test_auth_me_requires_auth" time="0.139" /><testcase classname="backend.tests.test_rinkosh_iteration9.TestLoanProductDetails" name="test_products_have_bank_logos_data" time="0.126" /><testcase classname="backend.tests.test_rinkosh_iteration9.TestLoanProductDetails" name="test_products_have_interest_rates" time="0.123" /><testcase classname="backend.tests.test_rinkosh_iteration9.TestLoanProductDetails" name="test_products_have_amounts" time="0.135" /><testcase classname="backend.tests.test_rinkosh_iteration9.TestLoanProductDetails" name="test_products_have_tenure" time="0.106" /></testsuite></testsuites>