<?xml version="1.0" encoding="utf-8"?><testsuites name="pytest tests"><testsuite name="pytest" errors="0" failures="0" skipped="0" tests="17" time="3.887" timestamp="2026-04-16T13:33:33.116355+00:00" hostname="agent-env-bb603cfa-7aee-45f8-968d-81d6b6b7c328"><testcase classname="backend.tests.test_rinkosh_iteration10.TestHealthAndBasics" name="test_health_endpoint" time="0.176" /><testcase classname="backend.tests.test_rinkosh_iteration10.TestLoanProducts" name="test_total_products_count" time="0.117" /><testcase classname="backend.tests.test_rinkosh_iteration10.TestLoanProducts" name="test_all_10_categories_present" time="0.155" /><testcase classname="backend.tests.test_rinkosh_iteration10.TestLoanProducts" name="test_gold_loans_count" time="0.126" /><testcase classname="backend.tests.test_rinkosh_iteration10.TestLoanProducts" name="test_used_vehicle_loans_count" time="0.109" /><testcase classname="backend.tests.test_rinkosh_iteration10.TestLoanProducts" name="test_plot_loans_count" time="0.168" /><testcase classname="backend.tests.test_rinkosh_iteration10.TestLoanProducts" name="test_mutual_funds_loans_count" time="0.108" /><testcase classname="backend.tests.test_rinkosh_iteration10.TestLoanProducts" name="test_existing_categories_unchanged" time="0.560" /><testcase classname="backend.tests.test_rinkosh_iteration10.TestLoanProducts" name="test_total_banks_count" time="0.113" /><testcase classname="backend.tests.test_rinkosh_iteration10.TestLoanProducts" name="test_product_fields_complete" time="0.151" /><testcase classname="backend.tests.test_rinkosh_iteration10.TestAuthentication" name="test_login_success_no_429" time="0.331" /><testcase classname="backend.tests.test_rinkosh_iteration10.TestAuthentication" name="test_login_invalid_credentials" time="0.130" /><testcase classname="backend.tests.test_rinkosh_iteration10.TestAuthentication" name="test_multiple_login_attempts_no_429" time="1.018" /><testcase classname="backend.tests.test_rinkosh_iteration10.TestNewLoanTypeDetails" name="test_gold_loan_features" time="0.113" /><testcase classname="backend.tests.test_rinkosh_iteration10.TestNewLoanTypeDetails" name="test_used_vehicle_loan_features" time="0.114" /><testcase classname="backend.tests.test_rinkosh_iteration10.TestNewLoanTypeDetails" name="test_plot_loan_features" time="0.124" /><testcase classname="backend.tests.test_rinkosh_iteration10.TestNewLoanTypeDetails" name="test_mutual_funds_loan_features" time="0.105" /></testsuite></testsuites>