<?xml version="1.0" encoding="utf-8"?><testsuites name="pytest tests"><testsuite name="pytest" errors="0" failures="0" skipped="0" tests="41" time="11.526" timestamp="2026-04-17T04:23:00.657316+00:00" hostname="agent-env-bb603cfa-7aee-45f8-968d-81d6b6b7c328"><testcase classname="backend.tests.test_rinkosh_comprehensive.TestHealthAndBasics" name="test_health_endpoint" time="0.197" /><testcase classname="backend.tests.test_rinkosh_comprehensive.TestLoanProducts" name="test_get_all_products" time="0.119" /><testcase classname="backend.tests.test_rinkosh_comprehensive.TestLoanProducts" name="test_products_have_required_fields" time="0.115" /><testcase classname="backend.tests.test_rinkosh_comprehensive.TestLoanProducts" name="test_filter_by_loan_type_personal" time="0.129" /><testcase classname="backend.tests.test_rinkosh_comprehensive.TestLoanProducts" name="test_filter_by_loan_type_home" time="0.115" /><testcase classname="backend.tests.test_rinkosh_comprehensive.TestLoanProducts" name="test_filter_by_loan_type_car" time="0.150" /><testcase classname="backend.tests.test_rinkosh_comprehensive.TestLoanProducts" name="test_filter_by_loan_type_bike" time="0.119" /><testcase classname="backend.tests.test_rinkosh_comprehensive.TestLoanProducts" name="test_filter_by_loan_type_education" time="0.110" /><testcase classname="backend.tests.test_rinkosh_comprehensive.TestLoanProducts" name="test_filter_by_loan_type_gold" time="0.118" /><testcase classname="backend.tests.test_rinkosh_comprehensive.TestLoanProducts" name="test_filter_by_loan_type_used_vehicle" time="0.132" /><testcase classname="backend.tests.test_rinkosh_comprehensive.TestLoanProducts" name="test_filter_by_loan_type_plot" time="0.126" /><testcase classname="backend.tests.test_rinkosh_comprehensive.TestLoanProducts" name="test_filter_by_loan_type_mutual_funds" time="0.100" /><testcase classname="backend.tests.test_rinkosh_comprehensive.TestLoanProducts" name="test_filter_by_loan_type_refinance" time="0.114" /><testcase classname="backend.tests.test_rinkosh_comprehensive.TestLoanStats" name="test_get_loan_stats" time="0.107" /><testcase classname="backend.tests.test_rinkosh_comprehensive.TestAuthRegistration" name="test_register_new_user" time="0.325" /><testcase classname="backend.tests.test_rinkosh_comprehensive.TestAuthRegistration" name="test_register_duplicate_email_fails" time="0.104" /><testcase classname="backend.tests.test_rinkosh_comprehensive.TestAuthLogin" name="test_login_with_valid_credentials" time="0.328" /><testcase classname="backend.tests.test_rinkosh_comprehensive.TestAuthLogin" name="test_login_with_invalid_password" time="0.344" /><testcase classname="backend.tests.test_rinkosh_comprehensive.TestAuthLogin" name="test_login_with_nonexistent_email" time="0.110" /><testcase classname="backend.tests.test_rinkosh_comprehensive.TestAuthLogin" name="test_brute_force_protection_relaxed" time="0.574" /><testcase classname="backend.tests.test_rinkosh_comprehensive.TestAuthOTP" name="test_otp_request_returns_debug_otp" time="0.116" /><testcase classname="backend.tests.test_rinkosh_comprehensive.TestAuthOTP" name="test_otp_request_nonexistent_user" time="0.113" /><testcase classname="backend.tests.test_rinkosh_comprehensive.TestForgotPassword" name="test_forgot_password_returns_debug_otp" time="0.113" /><testcase classname="backend.tests.test_rinkosh_comprehensive.TestAuthLogout" name="test_logout_clears_cookies" time="0.374" /><testcase classname="backend.tests.test_rinkosh_comprehensive.TestAuthMe" name="test_me_without_auth_returns_401" time="0.101" /><testcase classname="backend.tests.test_rinkosh_comprehensive.TestAuthMe" name="test_me_with_auth_returns_user" time="0.372" /><testcase classname="backend.tests.test_rinkosh_comprehensive.TestUserProfile" name="test_update_profile_creates_onboarding" time="0.366" /><testcase classname="backend.tests.test_rinkosh_comprehensive.TestRecommendations" name="test_recommendations_without_profile_returns_400" time="0.417" /><testcase classname="backend.tests.test_rinkosh_comprehensive.TestRecommendations" name="test_recommendations_with_profile" time="0.378" /><testcase classname="backend.tests.test_rinkosh_comprehensive.TestRecommendations" name="test_approval_probability_varies_between_banks" time="0.394" /><testcase classname="backend.tests.test_rinkosh_comprehensive.TestLeads" name="test_create_lead_express_interest" time="0.501" /><testcase classname="backend.tests.test_rinkosh_comprehensive.TestLeads" name="test_get_user_leads" time="0.380" /><testcase classname="backend.tests.test_rinkosh_comprehensive.TestCreditBuilder" name="test_get_credit_suggestions" time="0.372" /><testcase classname="backend.tests.test_rinkosh_comprehensive.TestAnalyticsEvents" name="test_track_event_without_auth" time="0.118" /><testcase classname="backend.tests.test_rinkosh_comprehensive.TestAnalyticsEvents" name="test_track_event_with_auth" time="0.398" /><testcase classname="backend.tests.test_rinkosh_comprehensive.TestAdminEndpoints" name="test_admin_analytics_without_auth_returns_401" time="0.119" /><testcase classname="backend.tests.test_rinkosh_comprehensive.TestAdminEndpoints" name="test_admin_analytics_with_user_returns_403" time="0.372" /><testcase classname="backend.tests.test_rinkosh_comprehensive.TestAdminEndpoints" name="test_admin_analytics_with_admin" time="0.410" /><testcase classname="backend.tests.test_rinkosh_comprehensive.TestAdminEndpoints" name="test_admin_events_with_admin" time="0.385" /><testcase classname="backend.tests.test_rinkosh_comprehensive.TestPublicChatbot" name="test_public_chat_returns_response" time="1.556" /><testcase classname="backend.tests.test_rinkosh_comprehensive.TestCreditScoreCheck" name="test_credit_score_check_returns_unavailable" time="0.414" /></testsuite></testsuites>