<?xml version="1.0" encoding="utf-8"?><testsuites name="pytest tests"><testsuite name="pytest" errors="0" failures="0" skipped="0" tests="11" time="3.334" timestamp="2026-05-31T18:53:15.031625+00:00" hostname="agent-env-bb603cfa-7aee-45f8-968d-81d6b6b7c328"><testcase classname="tests.test_rinkosh_iteration16" name="test_loan_products_returns_72" time="0.175" /><testcase classname="tests.test_rinkosh_iteration16" name="test_auth_login_me_logout" time="0.510" /><testcase classname="tests.test_rinkosh_iteration16" name="test_recommendations_after_profile" time="0.477" /><testcase classname="tests.test_rinkosh_iteration16" name="test_credit_score_check_returns_mock_report" time="0.059" /><testcase classname="tests.test_rinkosh_iteration16" name="test_credit_score_report_returns_cached" time="0.122" /><testcase classname="tests.test_rinkosh_iteration16" name="test_credit_score_unauth_401" time="0.117" /><testcase classname="tests.test_rinkosh_iteration16" name="test_aa_consent_request" time="0.063" /><testcase classname="tests.test_rinkosh_iteration16" name="test_aa_consent_status_approves" time="0.062" /><testcase classname="tests.test_rinkosh_iteration16" name="test_aa_fi_data_fetch_then_revoke" time="0.257" /><testcase classname="tests.test_rinkosh_iteration16" name="test_aa_endpoints_require_auth" time="0.512" /><testcase classname="tests.test_rinkosh_iteration16" name="test_audit_log_entries_created" time="0.893" /></testsuite></testsuites>