<?xml version="1.0" encoding="utf-8"?><testsuites name="pytest tests"><testsuite name="pytest" errors="0" failures="0" skipped="0" tests="13" time="5.277" timestamp="2026-04-16T13:45:34.078399+00:00" hostname="agent-env-bb603cfa-7aee-45f8-968d-81d6b6b7c328"><testcase classname="backend.tests.test_rinkosh_iteration11.TestHealthAndBasics" name="test_health_endpoint" time="0.214" /><testcase classname="backend.tests.test_rinkosh_iteration11.TestLoanStats" name="test_stats_endpoint_returns_200" time="0.119" /><testcase classname="backend.tests.test_rinkosh_iteration11.TestLoanStats" name="test_stats_has_required_fields" time="0.145" /><testcase classname="backend.tests.test_rinkosh_iteration11.TestLoanStats" name="test_stats_categories_structure" time="0.163" /><testcase classname="backend.tests.test_rinkosh_iteration11.TestLoanStats" name="test_stats_top_banks_structure" time="0.112" /><testcase classname="backend.tests.test_rinkosh_iteration11.TestPublicChatbot" name="test_chat_public_endpoint_returns_200" time="2.595" /><testcase classname="backend.tests.test_rinkosh_iteration11.TestPublicChatbot" name="test_chat_public_returns_response" time="0.274" /><testcase classname="backend.tests.test_rinkosh_iteration11.TestPublicChatbot" name="test_chat_public_handles_hindi" time="0.228" /><testcase classname="backend.tests.test_rinkosh_iteration11.TestPublicChatbot" name="test_chat_public_with_session_id" time="0.317" /><testcase classname="backend.tests.test_rinkosh_iteration11.TestPublicChatbot" name="test_chat_public_graceful_fallback" time="0.143" /><testcase classname="backend.tests.test_rinkosh_iteration11.TestLoanProducts" name="test_products_endpoint" time="0.107" /><testcase classname="backend.tests.test_rinkosh_iteration11.TestAuthentication" name="test_login_with_valid_credentials" time="0.368" /><testcase classname="backend.tests.test_rinkosh_iteration11.TestAuthentication" name="test_login_with_invalid_credentials" time="0.333" /></testsuite></testsuites>