<?xml version="1.0" encoding="utf-8"?><testsuites name="pytest tests"><testsuite name="pytest" errors="0" failures="0" skipped="0" tests="30" time="10.322" timestamp="2026-04-16T14:29:36.025823+00:00" hostname="agent-env-bb603cfa-7aee-45f8-968d-81d6b6b7c328"><testcase classname="backend.tests.test_rinkosh_iteration12.TestRefinanceProducts" name="test_refinance_products_exist" time="0.186" /><testcase classname="backend.tests.test_rinkosh_iteration12.TestRefinanceProducts" name="test_total_products_count" time="0.130" /><testcase classname="backend.tests.test_rinkosh_iteration12.TestAllLoanTypesHaveProducts" name="test_loan_type_has_products[personal-10]" time="0.118" /><testcase classname="backend.tests.test_rinkosh_iteration12.TestAllLoanTypesHaveProducts" name="test_loan_type_has_products[home-5]" time="0.114" /><testcase classname="backend.tests.test_rinkosh_iteration12.TestAllLoanTypesHaveProducts" name="test_loan_type_has_products[car-3]" time="0.108" /><testcase classname="backend.tests.test_rinkosh_iteration12.TestAllLoanTypesHaveProducts" name="test_loan_type_has_products[bike-3]" time="0.137" /><testcase classname="backend.tests.test_rinkosh_iteration12.TestAllLoanTypesHaveProducts" name="test_loan_type_has_products[education-3]" time="0.113" /><testcase classname="backend.tests.test_rinkosh_iteration12.TestAllLoanTypesHaveProducts" name="test_loan_type_has_products[refinance-4]" time="0.174" /><testcase classname="backend.tests.test_rinkosh_iteration12.TestAllLoanTypesHaveProducts" name="test_loan_type_has_products[gold-5]" time="0.107" /><testcase classname="backend.tests.test_rinkosh_iteration12.TestAllLoanTypesHaveProducts" name="test_loan_type_has_products[used_vehicle-4]" time="0.115" /><testcase classname="backend.tests.test_rinkosh_iteration12.TestAllLoanTypesHaveProducts" name="test_loan_type_has_products[plot-4]" time="0.151" /><testcase classname="backend.tests.test_rinkosh_iteration12.TestAllLoanTypesHaveProducts" name="test_loan_type_has_products[mutual_funds-4]" time="0.179" /><testcase classname="backend.tests.test_rinkosh_iteration12.TestUserOnboardingFlow" name="test_register_new_user" time="0.340" /><testcase classname="backend.tests.test_rinkosh_iteration12.TestUserOnboardingFlow" name="test_new_user_recommendations_require_onboarding" time="0.455" /><testcase classname="backend.tests.test_rinkosh_iteration12.TestUserOnboardingFlow" name="test_complete_onboarding_personal_loan" time="0.538" /><testcase classname="backend.tests.test_rinkosh_iteration12.TestUserOnboardingFlow" name="test_complete_onboarding_refinance_loan" time="0.473" /><testcase classname="backend.tests.test_rinkosh_iteration12.TestLoginReturnsHasProfile" name="test_login_returns_has_profile_false_for_new_user" time="0.716" /><testcase classname="backend.tests.test_rinkosh_iteration12.TestLoginReturnsHasProfile" name="test_login_returns_has_profile_true_after_onboarding" time="0.835" /><testcase classname="backend.tests.test_rinkosh_iteration12.TestRecommendationsForAllLoanTypes" name="test_recommendations_for_loan_type[personal]" time="0.438" /><testcase classname="backend.tests.test_rinkosh_iteration12.TestRecommendationsForAllLoanTypes" name="test_recommendations_for_loan_type[home]" time="0.511" /><testcase classname="backend.tests.test_rinkosh_iteration12.TestRecommendationsForAllLoanTypes" name="test_recommendations_for_loan_type[car]" time="0.500" /><testcase classname="backend.tests.test_rinkosh_iteration12.TestRecommendationsForAllLoanTypes" name="test_recommendations_for_loan_type[bike]" time="0.473" /><testcase classname="backend.tests.test_rinkosh_iteration12.TestRecommendationsForAllLoanTypes" name="test_recommendations_for_loan_type[education]" time="0.449" /><testcase classname="backend.tests.test_rinkosh_iteration12.TestRecommendationsForAllLoanTypes" name="test_recommendations_for_loan_type[refinance]" time="0.476" /><testcase classname="backend.tests.test_rinkosh_iteration12.TestRecommendationsForAllLoanTypes" name="test_recommendations_for_loan_type[gold]" time="0.437" /><testcase classname="backend.tests.test_rinkosh_iteration12.TestRecommendationsForAllLoanTypes" name="test_recommendations_for_loan_type[used_vehicle]" time="0.479" /><testcase classname="backend.tests.test_rinkosh_iteration12.TestRecommendationsForAllLoanTypes" name="test_recommendations_for_loan_type[plot]" time="0.476" /><testcase classname="backend.tests.test_rinkosh_iteration12.TestRecommendationsForAllLoanTypes" name="test_recommendations_for_loan_type[mutual_funds]" time="0.446" /><testcase classname="backend.tests.test_rinkosh_iteration12.TestAdminCredentials" name="test_admin_login" time="0.352" /><testcase classname="backend.tests.test_rinkosh_iteration12.TestHealthEndpoint" name="test_health" time="0.114" /></testsuite></testsuites>