<?xml version="1.0" encoding="utf-8"?><testsuites name="pytest tests"><testsuite name="pytest" errors="0" failures="0" skipped="0" tests="16" time="4.621" timestamp="2026-04-16T11:33:45.437432+00:00" hostname="agent-env-bb603cfa-7aee-45f8-968d-81d6b6b7c328"><testcase classname="backend.tests.test_rinkosh_iteration8.TestHealthAndBasics" name="test_health_endpoint" time="0.181" /><testcase classname="backend.tests.test_rinkosh_iteration8.TestLoginWithoutRateLimiting" name="test_login_success_with_valid_credentials" time="0.351" /><testcase classname="backend.tests.test_rinkosh_iteration8.TestLoginWithoutRateLimiting" name="test_login_invalid_credentials_returns_401" time="0.327" /><testcase classname="backend.tests.test_rinkosh_iteration8.TestLoginWithoutRateLimiting" name="test_multiple_failed_logins_no_429" time="0.363" /><testcase classname="backend.tests.test_rinkosh_iteration8.TestLoginWithoutRateLimiting" name="test_login_after_failed_attempts_still_works" time="1.187" /><testcase classname="backend.tests.test_rinkosh_iteration8.TestAnalyticsEventTracking" name="test_analytics_event_endpoint_exists" time="0.109" /><testcase classname="backend.tests.test_rinkosh_iteration8.TestAnalyticsEventTracking" name="test_analytics_page_view_event" time="0.121" /><testcase classname="backend.tests.test_rinkosh_iteration8.TestAnalyticsEventTracking" name="test_analytics_login_success_event" time="0.109" /><testcase classname="backend.tests.test_rinkosh_iteration8.TestAnalyticsEventTracking" name="test_analytics_login_fail_event" time="0.142" /><testcase classname="backend.tests.test_rinkosh_iteration8.TestAnalyticsEventTracking" name="test_analytics_event_requires_event_type" time="0.141" /><testcase classname="backend.tests.test_rinkosh_iteration8.TestAuthEndpoints" name="test_register_endpoint_exists" time="0.343" /><testcase classname="backend.tests.test_rinkosh_iteration8.TestAuthEndpoints" name="test_logout_endpoint" time="0.095" /><testcase classname="backend.tests.test_rinkosh_iteration8.TestAuthEndpoints" name="test_me_endpoint_requires_auth" time="0.107" /><testcase classname="backend.tests.test_rinkosh_iteration8.TestAuthEndpoints" name="test_me_endpoint_with_auth" time="0.395" /><testcase classname="backend.tests.test_rinkosh_iteration8.TestOTPLogin" name="test_otp_request_endpoint" time="0.142" /><testcase classname="backend.tests.test_rinkosh_iteration8.TestAdminAnalytics" name="test_admin_events_endpoint" time="0.429" /></testsuite></testsuites>